2024-11-15T07:40:06.555Z - Error: Something went wrong!
    at /home/binh/Projects/NodeJS/Express_demo/app.js:38:9
    at Layer.handle [as handle_request] (/home/binh/Projects/NodeJS/Express_demo/node_modules/express/lib/router/layer.js:95:5)
    at next (/home/binh/Projects/NodeJS/Express_demo/node_modules/express/lib/router/route.js:149:13)
    at Route.dispatch (/home/binh/Projects/NodeJS/Express_demo/node_modules/express/lib/router/route.js:119:3)
    at Layer.handle [as handle_request] (/home/binh/Projects/NodeJS/Express_demo/node_modules/express/lib/router/layer.js:95:5)
    at /home/binh/Projects/NodeJS/Express_demo/node_modules/express/lib/router/index.js:284:15
    at Function.process_params (/home/binh/Projects/NodeJS/Express_demo/node_modules/express/lib/router/index.js:346:12)
    at next (/home/binh/Projects/NodeJS/Express_demo/node_modules/express/lib/router/index.js:280:10)
    at jsonParser (/home/binh/Projects/NodeJS/Express_demo/node_modules/body-parser/lib/types/json.js:113:7)
    at Layer.handle [as handle_request] (/home/binh/Projects/NodeJS/Express_demo/node_modules/express/lib/router/layer.js:95:5)
2024-11-15T07:44:01.709Z - Error: Something went wrong9!
    at /home/binh/Projects/NodeJS/Express_demo/app.js:38:9
    at Layer.handle [as handle_request] (/home/binh/Projects/NodeJS/Express_demo/node_modules/express/lib/router/layer.js:95:5)
    at next (/home/binh/Projects/NodeJS/Express_demo/node_modules/express/lib/router/route.js:149:13)
    at Route.dispatch (/home/binh/Projects/NodeJS/Express_demo/node_modules/express/lib/router/route.js:119:3)
    at Layer.handle [as handle_request] (/home/binh/Projects/NodeJS/Express_demo/node_modules/express/lib/router/layer.js:95:5)
    at /home/binh/Projects/NodeJS/Express_demo/node_modules/express/lib/router/index.js:284:15
    at Function.process_params (/home/binh/Projects/NodeJS/Express_demo/node_modules/express/lib/router/index.js:346:12)
    at next (/home/binh/Projects/NodeJS/Express_demo/node_modules/express/lib/router/index.js:280:10)
    at jsonParser (/home/binh/Projects/NodeJS/Express_demo/node_modules/body-parser/lib/types/json.js:113:7)
    at Layer.handle [as handle_request] (/home/binh/Projects/NodeJS/Express_demo/node_modules/express/lib/router/layer.js:95:5)
